running egg_info
writing ../../build/spinning_lidar/spinning_lidar.egg-info/PKG-INFO
writing dependency_links to ../../build/spinning_lidar/spinning_lidar.egg-info/dependency_links.txt
writing entry points to ../../build/spinning_lidar/spinning_lidar.egg-info/entry_points.txt
writing requirements to ../../build/spinning_lidar/spinning_lidar.egg-info/requires.txt
writing top-level names to ../../build/spinning_lidar/spinning_lidar.egg-info/top_level.txt
reading manifest file '../../build/spinning_lidar/spinning_lidar.egg-info/SOURCES.txt'
writing manifest file '../../build/spinning_lidar/spinning_lidar.egg-info/SOURCES.txt'
running build
running build_py
copying spinning_lidar/collect_points.py -> /home/sandhm1/ros2_ws/build/spinning_lidar/build/lib/spinning_lidar
running install
running install_lib
copying /home/sandhm1/ros2_ws/build/spinning_lidar/build/lib/spinning_lidar/collect_points.py -> /home/sandhm1/ros2_ws/install/spinning_lidar/lib/python3.12/site-packages/spinning_lidar
byte-compiling /home/sandhm1/ros2_ws/install/spinning_lidar/lib/python3.12/site-packages/spinning_lidar/collect_points.py to collect_points.cpython-312.pyc
running install_data
running install_egg_info
removing '/home/sandhm1/ros2_ws/install/spinning_lidar/lib/python3.12/site-packages/spinning_lidar-0.0.0-py3.12.egg-info' (and everything under it)
Copying ../../build/spinning_lidar/spinning_lidar.egg-info to /home/sandhm1/ros2_ws/install/spinning_lidar/lib/python3.12/site-packages/spinning_lidar-0.0.0-py3.12.egg-info
running install_scripts
Installing collect_points script to /home/sandhm1/ros2_ws/install/spinning_lidar/lib/spinning_lidar
writing list of installed files to '/home/sandhm1/ros2_ws/build/spinning_lidar/install.log'
