[0.082s] DEBUG:colcon:Command line arguments: ['/usr/bin/colcon', 'build']
[0.082s] DEBUG:colcon:Parsed command line arguments: Namespace(log_base=None, log_level=None, verb_name='build', build_base='build', install_base='install', merge_install=False, symlink_install=False, test_result_base=None, continue_on_error=False, executor='parallel', parallel_workers=12, event_handlers=None, ignore_user_meta=False, metas=['./colcon.meta'], base_paths=['.'], packages_ignore=None, packages_ignore_regex=None, paths=None, packages_up_to=None, packages_up_to_regex=None, packages_above=None, packages_above_and_dependencies=None, packages_above_depth=None, packages_select_by_dep=None, packages_skip_by_dep=None, packages_skip_up_to=None, packages_select_build_failed=False, packages_skip_build_finished=False, packages_select_test_failures=False, packages_skip_test_passed=False, packages_select=None, packages_skip=None, packages_select_regex=None, packages_skip_regex=None, packages_start=None, packages_end=None, allow_overriding=[], cmake_args=None, cmake_target=None, cmake_target_skip_unavailable=False, cmake_clean_cache=False, cmake_clean_first=False, cmake_force_configure=False, ament_cmake_args=None, catkin_cmake_args=None, catkin_skip_building_tests=False, verb_parser=<colcon_defaults.argument_parser.defaults.DefaultArgumentsDecorator object at 0x7338a014dcd0>, verb_extension=<colcon_core.verb.build.BuildVerb object at 0x7338a014d340>, main=<bound method BuildVerb.main of <colcon_core.verb.build.BuildVerb object at 0x7338a014d340>>)
[0.114s] Level 1:colcon.colcon_core.package_discovery:discover_packages(colcon_meta) check parameters
[0.114s] Level 1:colcon.colcon_core.package_discovery:discover_packages(recursive) check parameters
[0.114s] Level 1:colcon.colcon_core.package_discovery:discover_packages(ignore) check parameters
[0.114s] Level 1:colcon.colcon_core.package_discovery:discover_packages(path) check parameters
[0.114s] Level 1:colcon.colcon_core.package_discovery:discover_packages(colcon_meta) discover
[0.114s] Level 1:colcon.colcon_core.package_discovery:discover_packages(recursive) discover
[0.114s] INFO:colcon.colcon_core.package_discovery:Crawling recursively for packages in '/home/sandhm1/Drone-Autonomy/ros2_ws'
[0.114s] Level 1:colcon.colcon_core.package_identification:_identify(.) by extensions ['ignore', 'ignore_ament_install']
[0.114s] Level 1:colcon.colcon_core.package_identification:_identify(.) by extension 'ignore'
[0.114s] Level 1:colcon.colcon_core.package_identification:_identify(.) by extension 'ignore_ament_install'
[0.114s] Level 1:colcon.colcon_core.package_identification:_identify(.) by extensions ['colcon_pkg']
[0.114s] Level 1:colcon.colcon_core.package_identification:_identify(.) by extension 'colcon_pkg'
[0.114s] Level 1:colcon.colcon_core.package_identification:_identify(.) by extensions ['colcon_meta']
[0.114s] Level 1:colcon.colcon_core.package_identification:_identify(.) by extension 'colcon_meta'
[0.114s] Level 1:colcon.colcon_core.package_identification:_identify(.) by extensions ['ros']
[0.114s] Level 1:colcon.colcon_core.package_identification:_identify(.) by extension 'ros'
[0.134s] Level 1:colcon.colcon_core.package_identification:_identify(.) by extensions ['cmake', 'python']
[0.134s] Level 1:colcon.colcon_core.package_identification:_identify(.) by extension 'cmake'
[0.134s] Level 1:colcon.colcon_core.package_identification:_identify(.) by extension 'python'
[0.134s] Level 1:colcon.colcon_core.package_identification:_identify(.) by extensions ['python_setup_py']
[0.134s] Level 1:colcon.colcon_core.package_identification:_identify(.) by extension 'python_setup_py'
[0.135s] Level 1:colcon.colcon_core.package_identification:_identify(build) by extensions ['ignore', 'ignore_ament_install']
[0.135s] Level 1:colcon.colcon_core.package_identification:_identify(build) by extension 'ignore'
[0.135s] Level 1:colcon.colcon_core.package_identification:_identify(build) ignored
[0.135s] Level 1:colcon.colcon_core.package_identification:_identify(install) by extensions ['ignore', 'ignore_ament_install']
[0.135s] Level 1:colcon.colcon_core.package_identification:_identify(install) by extension 'ignore'
[0.135s] Level 1:colcon.colcon_core.package_identification:_identify(install) ignored
[0.135s] Level 1:colcon.colcon_core.package_identification:_identify(log) by extensions ['ignore', 'ignore_ament_install']
[0.135s] Level 1:colcon.colcon_core.package_identification:_identify(log) by extension 'ignore'
[0.135s] Level 1:colcon.colcon_core.package_identification:_identify(log) ignored
[0.135s] Level 1:colcon.colcon_core.package_identification:_identify(src) by extensions ['ignore', 'ignore_ament_install']
[0.135s] Level 1:colcon.colcon_core.package_identification:_identify(src) by extension 'ignore'
[0.135s] Level 1:colcon.colcon_core.package_identification:_identify(src) by extension 'ignore_ament_install'
[0.135s] Level 1:colcon.colcon_core.package_identification:_identify(src) by extensions ['colcon_pkg']
[0.135s] Level 1:colcon.colcon_core.package_identification:_identify(src) by extension 'colcon_pkg'
[0.135s] Level 1:colcon.colcon_core.package_identification:_identify(src) by extensions ['colcon_meta']
[0.135s] Level 1:colcon.colcon_core.package_identification:_identify(src) by extension 'colcon_meta'
[0.135s] Level 1:colcon.colcon_core.package_identification:_identify(src) by extensions ['ros']
[0.135s] Level 1:colcon.colcon_core.package_identification:_identify(src) by extension 'ros'
[0.135s] Level 1:colcon.colcon_core.package_identification:_identify(src) by extensions ['cmake', 'python']
[0.135s] Level 1:colcon.colcon_core.package_identification:_identify(src) by extension 'cmake'
[0.135s] Level 1:colcon.colcon_core.package_identification:_identify(src) by extension 'python'
[0.135s] Level 1:colcon.colcon_core.package_identification:_identify(src) by extensions ['python_setup_py']
[0.135s] Level 1:colcon.colcon_core.package_identification:_identify(src) by extension 'python_setup_py'
[0.136s] Level 1:colcon.colcon_core.package_identification:_identify(src/offboard_control) by extensions ['ignore', 'ignore_ament_install']
[0.136s] Level 1:colcon.colcon_core.package_identification:_identify(src/offboard_control) by extension 'ignore'
[0.136s] Level 1:colcon.colcon_core.package_identification:_identify(src/offboard_control) by extension 'ignore_ament_install'
[0.136s] Level 1:colcon.colcon_core.package_identification:_identify(src/offboard_control) by extensions ['colcon_pkg']
[0.136s] Level 1:colcon.colcon_core.package_identification:_identify(src/offboard_control) by extension 'colcon_pkg'
[0.136s] Level 1:colcon.colcon_core.package_identification:_identify(src/offboard_control) by extensions ['colcon_meta']
[0.136s] Level 1:colcon.colcon_core.package_identification:_identify(src/offboard_control) by extension 'colcon_meta'
[0.136s] Level 1:colcon.colcon_core.package_identification:_identify(src/offboard_control) by extensions ['ros']
[0.136s] Level 1:colcon.colcon_core.package_identification:_identify(src/offboard_control) by extension 'ros'
[0.136s] Level 1:colcon.colcon_core.package_identification:_identify(src/offboard_control) by extensions ['cmake', 'python']
[0.136s] Level 1:colcon.colcon_core.package_identification:_identify(src/offboard_control) by extension 'cmake'
[0.136s] Level 1:colcon.colcon_core.package_identification:_identify(src/offboard_control) by extension 'python'
[0.136s] Level 1:colcon.colcon_core.package_identification:_identify(src/offboard_control) by extensions ['python_setup_py']
[0.136s] Level 1:colcon.colcon_core.package_identification:_identify(src/offboard_control) by extension 'python_setup_py'
[0.136s] Level 1:colcon.colcon_core.package_identification:_identify(src/px4_msgs) by extensions ['ignore', 'ignore_ament_install']
[0.136s] Level 1:colcon.colcon_core.package_identification:_identify(src/px4_msgs) by extension 'ignore'
[0.136s] Level 1:colcon.colcon_core.package_identification:_identify(src/px4_msgs) by extension 'ignore_ament_install'
[0.136s] Level 1:colcon.colcon_core.package_identification:_identify(src/px4_msgs) by extensions ['colcon_pkg']
[0.136s] Level 1:colcon.colcon_core.package_identification:_identify(src/px4_msgs) by extension 'colcon_pkg'
[0.136s] Level 1:colcon.colcon_core.package_identification:_identify(src/px4_msgs) by extensions ['colcon_meta']
[0.136s] Level 1:colcon.colcon_core.package_identification:_identify(src/px4_msgs) by extension 'colcon_meta'
[0.136s] Level 1:colcon.colcon_core.package_identification:_identify(src/px4_msgs) by extensions ['ros']
[0.136s] Level 1:colcon.colcon_core.package_identification:_identify(src/px4_msgs) by extension 'ros'
[0.138s] DEBUG:colcon.colcon_core.package_identification:Package 'src/px4_msgs' with type 'ros.ament_cmake' and name 'px4_msgs'
[0.138s] Level 1:colcon.colcon_core.package_identification:_identify(src/spinning_lidar) by extensions ['ignore', 'ignore_ament_install']
[0.138s] Level 1:colcon.colcon_core.package_identification:_identify(src/spinning_lidar) by extension 'ignore'
[0.138s] Level 1:colcon.colcon_core.package_identification:_identify(src/spinning_lidar) by extension 'ignore_ament_install'
[0.138s] Level 1:colcon.colcon_core.package_identification:_identify(src/spinning_lidar) by extensions ['colcon_pkg']
[0.138s] Level 1:colcon.colcon_core.package_identification:_identify(src/spinning_lidar) by extension 'colcon_pkg'
[0.138s] Level 1:colcon.colcon_core.package_identification:_identify(src/spinning_lidar) by extensions ['colcon_meta']
[0.138s] Level 1:colcon.colcon_core.package_identification:_identify(src/spinning_lidar) by extension 'colcon_meta'
[0.138s] Level 1:colcon.colcon_core.package_identification:_identify(src/spinning_lidar) by extensions ['ros']
[0.138s] Level 1:colcon.colcon_core.package_identification:_identify(src/spinning_lidar) by extension 'ros'
[0.139s] DEBUG:colcon.colcon_core.package_identification:Package 'src/spinning_lidar' with type 'ros.ament_python' and name 'spinning_lidar'
[0.139s] Level 1:colcon.colcon_core.package_discovery:discover_packages(recursive) using defaults
[0.139s] Level 1:colcon.colcon_core.package_discovery:discover_packages(ignore) discover
[0.139s] Level 1:colcon.colcon_core.package_discovery:discover_packages(ignore) using defaults
[0.139s] Level 1:colcon.colcon_core.package_discovery:discover_packages(path) discover
[0.139s] Level 1:colcon.colcon_core.package_discovery:discover_packages(path) using defaults
[0.152s] Level 1:colcon.colcon_core.package_discovery:discover_packages(prefix_path) check parameters
[0.152s] Level 1:colcon.colcon_core.package_discovery:discover_packages(prefix_path) discover
[0.155s] DEBUG:colcon.colcon_installed_package_information.package_discovery:Found 294 installed packages in /opt/ros/jazzy
[0.155s] Level 1:colcon.colcon_core.package_discovery:discover_packages(prefix_path) using defaults
[0.191s] Level 5:colcon.colcon_core.verb:set package 'px4_msgs' build argument 'cmake_args' from command line to 'None'
[0.191s] Level 5:colcon.colcon_core.verb:set package 'px4_msgs' build argument 'cmake_target' from command line to 'None'
[0.191s] Level 5:colcon.colcon_core.verb:set package 'px4_msgs' build argument 'cmake_target_skip_unavailable' from command line to 'False'
[0.191s] Level 5:colcon.colcon_core.verb:set package 'px4_msgs' build argument 'cmake_clean_cache' from command line to 'False'
[0.191s] Level 5:colcon.colcon_core.verb:set package 'px4_msgs' build argument 'cmake_clean_first' from command line to 'False'
[0.191s] Level 5:colcon.colcon_core.verb:set package 'px4_msgs' build argument 'cmake_force_configure' from command line to 'False'
[0.191s] Level 5:colcon.colcon_core.verb:set package 'px4_msgs' build argument 'ament_cmake_args' from command line to 'None'
[0.191s] Level 5:colcon.colcon_core.verb:set package 'px4_msgs' build argument 'catkin_cmake_args' from command line to 'None'
[0.191s] Level 5:colcon.colcon_core.verb:set package 'px4_msgs' build argument 'catkin_skip_building_tests' from command line to 'False'
[0.191s] DEBUG:colcon.colcon_core.verb:Building package 'px4_msgs' with the following arguments: {'ament_cmake_args': None, 'build_base': '/home/sandhm1/Drone-Autonomy/ros2_ws/build/px4_msgs', 'catkin_cmake_args': None, 'catkin_skip_building_tests': False, 'cmake_args': None, 'cmake_clean_cache': False, 'cmake_clean_first': False, 'cmake_force_configure': False, 'cmake_target': None, 'cmake_target_skip_unavailable': False, 'install_base': '/home/sandhm1/Drone-Autonomy/ros2_ws/install/px4_msgs', 'merge_install': False, 'path': '/home/sandhm1/Drone-Autonomy/ros2_ws/src/px4_msgs', 'symlink_install': False, 'test_result_base': None}
[0.191s] Level 5:colcon.colcon_core.verb:set package 'spinning_lidar' build argument 'cmake_args' from command line to 'None'
[0.191s] Level 5:colcon.colcon_core.verb:set package 'spinning_lidar' build argument 'cmake_target' from command line to 'None'
[0.191s] Level 5:colcon.colcon_core.verb:set package 'spinning_lidar' build argument 'cmake_target_skip_unavailable' from command line to 'False'
[0.191s] Level 5:colcon.colcon_core.verb:set package 'spinning_lidar' build argument 'cmake_clean_cache' from command line to 'False'
[0.191s] Level 5:colcon.colcon_core.verb:set package 'spinning_lidar' build argument 'cmake_clean_first' from command line to 'False'
[0.191s] Level 5:colcon.colcon_core.verb:set package 'spinning_lidar' build argument 'cmake_force_configure' from command line to 'False'
[0.191s] Level 5:colcon.colcon_core.verb:set package 'spinning_lidar' build argument 'ament_cmake_args' from command line to 'None'
[0.191s] Level 5:colcon.colcon_core.verb:set package 'spinning_lidar' build argument 'catkin_cmake_args' from command line to 'None'
[0.191s] Level 5:colcon.colcon_core.verb:set package 'spinning_lidar' build argument 'catkin_skip_building_tests' from command line to 'False'
[0.191s] DEBUG:colcon.colcon_core.verb:Building package 'spinning_lidar' with the following arguments: {'ament_cmake_args': None, 'build_base': '/home/sandhm1/Drone-Autonomy/ros2_ws/build/spinning_lidar', 'catkin_cmake_args': None, 'catkin_skip_building_tests': False, 'cmake_args': None, 'cmake_clean_cache': False, 'cmake_clean_first': False, 'cmake_force_configure': False, 'cmake_target': None, 'cmake_target_skip_unavailable': False, 'install_base': '/home/sandhm1/Drone-Autonomy/ros2_ws/install/spinning_lidar', 'merge_install': False, 'path': '/home/sandhm1/Drone-Autonomy/ros2_ws/src/spinning_lidar', 'symlink_install': False, 'test_result_base': None}
[0.191s] INFO:colcon.colcon_core.executor:Executing jobs using 'parallel' executor
[0.192s] DEBUG:colcon.colcon_parallel_executor.executor.parallel:run_until_complete
[0.192s] INFO:colcon.colcon_ros.task.ament_cmake.build:Building ROS package in '/home/sandhm1/Drone-Autonomy/ros2_ws/src/px4_msgs' with build type 'ament_cmake'
[0.192s] INFO:colcon.colcon_cmake.task.cmake.build:Building CMake package in '/home/sandhm1/Drone-Autonomy/ros2_ws/src/px4_msgs'
[0.194s] INFO:colcon.colcon_core.plugin_system:Skipping extension 'colcon_core.shell.bat': Not used on non-Windows systems
[0.194s] INFO:colcon.colcon_core.shell:Skip shell extension 'powershell' for command environment: Not usable outside of PowerShell
[0.194s] DEBUG:colcon.colcon_core.shell:Skip shell extension 'dsv' for command environment
[0.197s] INFO:colcon.colcon_ros.task.ament_python.build:Building ROS package in '/home/sandhm1/Drone-Autonomy/ros2_ws/src/spinning_lidar' with build type 'ament_python'
[0.197s] Level 1:colcon.colcon_core.shell:create_environment_hook('spinning_lidar', 'ament_prefix_path')
[0.197s] INFO:colcon.colcon_core.shell:Creating environment hook '/home/sandhm1/Drone-Autonomy/ros2_ws/install/spinning_lidar/share/spinning_lidar/hook/ament_prefix_path.ps1'
[0.198s] INFO:colcon.colcon_core.shell:Creating environment descriptor '/home/sandhm1/Drone-Autonomy/ros2_ws/install/spinning_lidar/share/spinning_lidar/hook/ament_prefix_path.dsv'
[0.198s] INFO:colcon.colcon_core.shell:Creating environment hook '/home/sandhm1/Drone-Autonomy/ros2_ws/install/spinning_lidar/share/spinning_lidar/hook/ament_prefix_path.sh'
[0.198s] INFO:colcon.colcon_core.shell:Skip shell extension 'powershell' for command environment: Not usable outside of PowerShell
[0.198s] DEBUG:colcon.colcon_core.shell:Skip shell extension 'dsv' for command environment
[0.203s] DEBUG:colcon.colcon_core.event_handler.log_command:Invoking command in '/home/sandhm1/Drone-Autonomy/ros2_ws/build/px4_msgs': CMAKE_PREFIX_PATH=${CMAKE_PREFIX_PATH}:/opt/ros/jazzy DEBUGINFOD_URLS=https://debuginfod.ubuntu.com /usr/bin/cmake /home/sandhm1/Drone-Autonomy/ros2_ws/src/px4_msgs -DCMAKE_INSTALL_PREFIX=/home/sandhm1/Drone-Autonomy/ros2_ws/install/px4_msgs
[0.378s] INFO:colcon.colcon_core.task.python.build:Building Python package in '/home/sandhm1/Drone-Autonomy/ros2_ws/src/spinning_lidar'
[0.378s] INFO:colcon.colcon_core.shell:Skip shell extension 'powershell' for command environment: Not usable outside of PowerShell
[0.378s] DEBUG:colcon.colcon_core.shell:Skip shell extension 'dsv' for command environment
[0.874s] DEBUG:colcon.colcon_core.event_handler.log_command:Invoking command in '/home/sandhm1/Drone-Autonomy/ros2_ws/src/spinning_lidar': DEBUGINFOD_URLS=https://debuginfod.ubuntu.com PYTHONPATH=/home/sandhm1/Drone-Autonomy/ros2_ws/build/spinning_lidar/prefix_override:/usr/lib/python3/dist-packages/colcon_core/task/python/colcon_distutils_commands:/home/sandhm1/Drone-Autonomy/ros2_ws/install/spinning_lidar/lib/python3.12/site-packages:${PYTHONPATH} /usr/bin/python3 -W ignore:setup.py install is deprecated -W ignore:easy_install command is deprecated setup.py egg_info --egg-base ../../build/spinning_lidar build --build-base /home/sandhm1/Drone-Autonomy/ros2_ws/build/spinning_lidar/build install --record /home/sandhm1/Drone-Autonomy/ros2_ws/build/spinning_lidar/install.log --single-version-externally-managed install_data
[1.330s] DEBUG:colcon.colcon_core.event_handler.log_command:Invoked command in '/home/sandhm1/Drone-Autonomy/ros2_ws/src/spinning_lidar' returned '0': DEBUGINFOD_URLS=https://debuginfod.ubuntu.com PYTHONPATH=/home/sandhm1/Drone-Autonomy/ros2_ws/build/spinning_lidar/prefix_override:/usr/lib/python3/dist-packages/colcon_core/task/python/colcon_distutils_commands:/home/sandhm1/Drone-Autonomy/ros2_ws/install/spinning_lidar/lib/python3.12/site-packages:${PYTHONPATH} /usr/bin/python3 -W ignore:setup.py install is deprecated -W ignore:easy_install command is deprecated setup.py egg_info --egg-base ../../build/spinning_lidar build --build-base /home/sandhm1/Drone-Autonomy/ros2_ws/build/spinning_lidar/build install --record /home/sandhm1/Drone-Autonomy/ros2_ws/build/spinning_lidar/install.log --single-version-externally-managed install_data
[1.333s] Level 1:colcon.colcon_core.environment:checking '/home/sandhm1/Drone-Autonomy/ros2_ws/install/spinning_lidar' for CMake module files
[1.334s] Level 1:colcon.colcon_core.environment:checking '/home/sandhm1/Drone-Autonomy/ros2_ws/install/spinning_lidar' for CMake config files
[1.335s] Level 1:colcon.colcon_core.environment:checking '/home/sandhm1/Drone-Autonomy/ros2_ws/install/spinning_lidar/lib'
[1.335s] Level 1:colcon.colcon_core.environment:checking '/home/sandhm1/Drone-Autonomy/ros2_ws/install/spinning_lidar/bin'
[1.335s] Level 1:colcon.colcon_core.environment:checking '/home/sandhm1/Drone-Autonomy/ros2_ws/install/spinning_lidar/lib/pkgconfig/spinning_lidar.pc'
[1.336s] Level 1:colcon.colcon_core.environment:checking '/home/sandhm1/Drone-Autonomy/ros2_ws/install/spinning_lidar/lib/python3.12/site-packages'
[1.336s] Level 1:colcon.colcon_core.shell:create_environment_hook('spinning_lidar', 'pythonpath')
[1.336s] INFO:colcon.colcon_core.shell:Creating environment hook '/home/sandhm1/Drone-Autonomy/ros2_ws/install/spinning_lidar/share/spinning_lidar/hook/pythonpath.ps1'
[1.337s] INFO:colcon.colcon_core.shell:Creating environment descriptor '/home/sandhm1/Drone-Autonomy/ros2_ws/install/spinning_lidar/share/spinning_lidar/hook/pythonpath.dsv'
[1.337s] INFO:colcon.colcon_core.shell:Creating environment hook '/home/sandhm1/Drone-Autonomy/ros2_ws/install/spinning_lidar/share/spinning_lidar/hook/pythonpath.sh'
[1.338s] Level 1:colcon.colcon_core.environment:checking '/home/sandhm1/Drone-Autonomy/ros2_ws/install/spinning_lidar/bin'
[1.338s] Level 1:colcon.colcon_core.environment:create_environment_scripts_only(spinning_lidar)
[1.338s] INFO:colcon.colcon_core.shell:Creating package script '/home/sandhm1/Drone-Autonomy/ros2_ws/install/spinning_lidar/share/spinning_lidar/package.ps1'
[1.339s] INFO:colcon.colcon_core.shell:Creating package descriptor '/home/sandhm1/Drone-Autonomy/ros2_ws/install/spinning_lidar/share/spinning_lidar/package.dsv'
[1.340s] INFO:colcon.colcon_core.shell:Creating package script '/home/sandhm1/Drone-Autonomy/ros2_ws/install/spinning_lidar/share/spinning_lidar/package.sh'
[1.341s] INFO:colcon.colcon_core.shell:Creating package script '/home/sandhm1/Drone-Autonomy/ros2_ws/install/spinning_lidar/share/spinning_lidar/package.bash'
[1.342s] INFO:colcon.colcon_core.shell:Creating package script '/home/sandhm1/Drone-Autonomy/ros2_ws/install/spinning_lidar/share/spinning_lidar/package.zsh'
[1.343s] Level 1:colcon.colcon_core.environment:create_file_with_runtime_dependencies(/home/sandhm1/Drone-Autonomy/ros2_ws/install/spinning_lidar/share/colcon-core/packages/spinning_lidar)
[5.225s] DEBUG:colcon.colcon_core.event_handler.log_command:Invoked command in '/home/sandhm1/Drone-Autonomy/ros2_ws/build/px4_msgs' returned '0': CMAKE_PREFIX_PATH=${CMAKE_PREFIX_PATH}:/opt/ros/jazzy DEBUGINFOD_URLS=https://debuginfod.ubuntu.com /usr/bin/cmake /home/sandhm1/Drone-Autonomy/ros2_ws/src/px4_msgs -DCMAKE_INSTALL_PREFIX=/home/sandhm1/Drone-Autonomy/ros2_ws/install/px4_msgs
[5.226s] DEBUG:colcon.colcon_core.event_handler.log_command:Invoking command in '/home/sandhm1/Drone-Autonomy/ros2_ws/build/px4_msgs': CMAKE_PREFIX_PATH=${CMAKE_PREFIX_PATH}:/opt/ros/jazzy DEBUGINFOD_URLS=https://debuginfod.ubuntu.com /usr/bin/cmake --build /home/sandhm1/Drone-Autonomy/ros2_ws/build/px4_msgs -- -j12 -l12
[206.572s] DEBUG:colcon.colcon_core.event_handler.log_command:Invoked command in '/home/sandhm1/Drone-Autonomy/ros2_ws/build/px4_msgs' returned '0': CMAKE_PREFIX_PATH=${CMAKE_PREFIX_PATH}:/opt/ros/jazzy DEBUGINFOD_URLS=https://debuginfod.ubuntu.com /usr/bin/cmake --build /home/sandhm1/Drone-Autonomy/ros2_ws/build/px4_msgs -- -j12 -l12
[206.582s] DEBUG:colcon.colcon_core.event_handler.log_command:Invoking command in '/home/sandhm1/Drone-Autonomy/ros2_ws/build/px4_msgs': CMAKE_PREFIX_PATH=${CMAKE_PREFIX_PATH}:/opt/ros/jazzy DEBUGINFOD_URLS=https://debuginfod.ubuntu.com /usr/bin/cmake --install /home/sandhm1/Drone-Autonomy/ros2_ws/build/px4_msgs
[208.189s] Level 1:colcon.colcon_core.environment:create_environment_scripts_only(px4_msgs)
[208.190s] Level 1:colcon.colcon_core.environment:checking '/home/sandhm1/Drone-Autonomy/ros2_ws/install/px4_msgs' for CMake module files
[208.190s] DEBUG:colcon.colcon_core.event_handler.log_command:Invoked command in '/home/sandhm1/Drone-Autonomy/ros2_ws/build/px4_msgs' returned '0': CMAKE_PREFIX_PATH=${CMAKE_PREFIX_PATH}:/opt/ros/jazzy DEBUGINFOD_URLS=https://debuginfod.ubuntu.com /usr/bin/cmake --install /home/sandhm1/Drone-Autonomy/ros2_ws/build/px4_msgs
[208.191s] Level 1:colcon.colcon_core.environment:checking '/home/sandhm1/Drone-Autonomy/ros2_ws/install/px4_msgs' for CMake config files
[208.200s] Level 1:colcon.colcon_core.shell:create_environment_hook('px4_msgs', 'cmake_prefix_path')
[208.201s] INFO:colcon.colcon_core.shell:Creating environment hook '/home/sandhm1/Drone-Autonomy/ros2_ws/install/px4_msgs/share/px4_msgs/hook/cmake_prefix_path.ps1'
[208.201s] INFO:colcon.colcon_core.shell:Creating environment descriptor '/home/sandhm1/Drone-Autonomy/ros2_ws/install/px4_msgs/share/px4_msgs/hook/cmake_prefix_path.dsv'
[208.202s] INFO:colcon.colcon_core.shell:Creating environment hook '/home/sandhm1/Drone-Autonomy/ros2_ws/install/px4_msgs/share/px4_msgs/hook/cmake_prefix_path.sh'
[208.203s] Level 1:colcon.colcon_core.environment:checking '/home/sandhm1/Drone-Autonomy/ros2_ws/install/px4_msgs/lib'
[208.203s] Level 1:colcon.colcon_core.shell:create_environment_hook('px4_msgs', 'ld_library_path_lib')
[208.203s] INFO:colcon.colcon_core.shell:Creating environment hook '/home/sandhm1/Drone-Autonomy/ros2_ws/install/px4_msgs/share/px4_msgs/hook/ld_library_path_lib.ps1'
[208.203s] INFO:colcon.colcon_core.shell:Creating environment descriptor '/home/sandhm1/Drone-Autonomy/ros2_ws/install/px4_msgs/share/px4_msgs/hook/ld_library_path_lib.dsv'
[208.204s] INFO:colcon.colcon_core.shell:Creating environment hook '/home/sandhm1/Drone-Autonomy/ros2_ws/install/px4_msgs/share/px4_msgs/hook/ld_library_path_lib.sh'
[208.204s] Level 1:colcon.colcon_core.environment:checking '/home/sandhm1/Drone-Autonomy/ros2_ws/install/px4_msgs/bin'
[208.204s] Level 1:colcon.colcon_core.environment:checking '/home/sandhm1/Drone-Autonomy/ros2_ws/install/px4_msgs/lib/pkgconfig/px4_msgs.pc'
[208.205s] Level 1:colcon.colcon_core.environment:checking '/home/sandhm1/Drone-Autonomy/ros2_ws/install/px4_msgs/lib/python3.12/site-packages'
[208.205s] Level 1:colcon.colcon_core.shell:create_environment_hook('px4_msgs', 'pythonpath')
[208.205s] INFO:colcon.colcon_core.shell:Creating environment hook '/home/sandhm1/Drone-Autonomy/ros2_ws/install/px4_msgs/share/px4_msgs/hook/pythonpath.ps1'
[208.206s] INFO:colcon.colcon_core.shell:Creating environment descriptor '/home/sandhm1/Drone-Autonomy/ros2_ws/install/px4_msgs/share/px4_msgs/hook/pythonpath.dsv'
[208.206s] INFO:colcon.colcon_core.shell:Creating environment hook '/home/sandhm1/Drone-Autonomy/ros2_ws/install/px4_msgs/share/px4_msgs/hook/pythonpath.sh'
[208.207s] Level 1:colcon.colcon_core.environment:checking '/home/sandhm1/Drone-Autonomy/ros2_ws/install/px4_msgs/bin'
[208.207s] INFO:colcon.colcon_core.shell:Creating package script '/home/sandhm1/Drone-Autonomy/ros2_ws/install/px4_msgs/share/px4_msgs/package.ps1'
[208.208s] INFO:colcon.colcon_core.shell:Creating package descriptor '/home/sandhm1/Drone-Autonomy/ros2_ws/install/px4_msgs/share/px4_msgs/package.dsv'
[208.209s] INFO:colcon.colcon_core.shell:Creating package script '/home/sandhm1/Drone-Autonomy/ros2_ws/install/px4_msgs/share/px4_msgs/package.sh'
[208.210s] INFO:colcon.colcon_core.shell:Creating package script '/home/sandhm1/Drone-Autonomy/ros2_ws/install/px4_msgs/share/px4_msgs/package.bash'
[208.210s] INFO:colcon.colcon_core.shell:Creating package script '/home/sandhm1/Drone-Autonomy/ros2_ws/install/px4_msgs/share/px4_msgs/package.zsh'
[208.210s] Level 1:colcon.colcon_core.environment:create_file_with_runtime_dependencies(/home/sandhm1/Drone-Autonomy/ros2_ws/install/px4_msgs/share/colcon-core/packages/px4_msgs)
[208.211s] Level 1:colcon.colcon_core.environment:create_environment_scripts_only(px4_msgs)
[208.211s] Level 1:colcon.colcon_core.environment:checking '/home/sandhm1/Drone-Autonomy/ros2_ws/install/px4_msgs' for CMake module files
[208.212s] Level 1:colcon.colcon_core.environment:checking '/home/sandhm1/Drone-Autonomy/ros2_ws/install/px4_msgs' for CMake config files
[208.221s] Level 1:colcon.colcon_core.shell:create_environment_hook('px4_msgs', 'cmake_prefix_path')
[208.221s] INFO:colcon.colcon_core.shell:Creating environment hook '/home/sandhm1/Drone-Autonomy/ros2_ws/install/px4_msgs/share/px4_msgs/hook/cmake_prefix_path.ps1'
[208.222s] INFO:colcon.colcon_core.shell:Creating environment descriptor '/home/sandhm1/Drone-Autonomy/ros2_ws/install/px4_msgs/share/px4_msgs/hook/cmake_prefix_path.dsv'
[208.222s] INFO:colcon.colcon_core.shell:Creating environment hook '/home/sandhm1/Drone-Autonomy/ros2_ws/install/px4_msgs/share/px4_msgs/hook/cmake_prefix_path.sh'
[208.223s] Level 1:colcon.colcon_core.environment:checking '/home/sandhm1/Drone-Autonomy/ros2_ws/install/px4_msgs/lib'
[208.223s] Level 1:colcon.colcon_core.shell:create_environment_hook('px4_msgs', 'ld_library_path_lib')
[208.223s] INFO:colcon.colcon_core.shell:Creating environment hook '/home/sandhm1/Drone-Autonomy/ros2_ws/install/px4_msgs/share/px4_msgs/hook/ld_library_path_lib.ps1'
[208.224s] INFO:colcon.colcon_core.shell:Creating environment descriptor '/home/sandhm1/Drone-Autonomy/ros2_ws/install/px4_msgs/share/px4_msgs/hook/ld_library_path_lib.dsv'
[208.224s] INFO:colcon.colcon_core.shell:Creating environment hook '/home/sandhm1/Drone-Autonomy/ros2_ws/install/px4_msgs/share/px4_msgs/hook/ld_library_path_lib.sh'
[208.225s] Level 1:colcon.colcon_core.environment:checking '/home/sandhm1/Drone-Autonomy/ros2_ws/install/px4_msgs/bin'
[208.225s] Level 1:colcon.colcon_core.environment:checking '/home/sandhm1/Drone-Autonomy/ros2_ws/install/px4_msgs/lib/pkgconfig/px4_msgs.pc'
[208.225s] Level 1:colcon.colcon_core.environment:checking '/home/sandhm1/Drone-Autonomy/ros2_ws/install/px4_msgs/lib/python3.12/site-packages'
[208.225s] Level 1:colcon.colcon_core.shell:create_environment_hook('px4_msgs', 'pythonpath')
[208.225s] INFO:colcon.colcon_core.shell:Creating environment hook '/home/sandhm1/Drone-Autonomy/ros2_ws/install/px4_msgs/share/px4_msgs/hook/pythonpath.ps1'
[208.226s] INFO:colcon.colcon_core.shell:Creating environment descriptor '/home/sandhm1/Drone-Autonomy/ros2_ws/install/px4_msgs/share/px4_msgs/hook/pythonpath.dsv'
[208.226s] INFO:colcon.colcon_core.shell:Creating environment hook '/home/sandhm1/Drone-Autonomy/ros2_ws/install/px4_msgs/share/px4_msgs/hook/pythonpath.sh'
[208.227s] Level 1:colcon.colcon_core.environment:checking '/home/sandhm1/Drone-Autonomy/ros2_ws/install/px4_msgs/bin'
[208.228s] INFO:colcon.colcon_core.shell:Creating package script '/home/sandhm1/Drone-Autonomy/ros2_ws/install/px4_msgs/share/px4_msgs/package.ps1'
[208.228s] INFO:colcon.colcon_core.shell:Creating package descriptor '/home/sandhm1/Drone-Autonomy/ros2_ws/install/px4_msgs/share/px4_msgs/package.dsv'
[208.229s] INFO:colcon.colcon_core.shell:Creating package script '/home/sandhm1/Drone-Autonomy/ros2_ws/install/px4_msgs/share/px4_msgs/package.sh'
[208.230s] INFO:colcon.colcon_core.shell:Creating package script '/home/sandhm1/Drone-Autonomy/ros2_ws/install/px4_msgs/share/px4_msgs/package.bash'
[208.230s] INFO:colcon.colcon_core.shell:Creating package script '/home/sandhm1/Drone-Autonomy/ros2_ws/install/px4_msgs/share/px4_msgs/package.zsh'
[208.231s] Level 1:colcon.colcon_core.environment:create_file_with_runtime_dependencies(/home/sandhm1/Drone-Autonomy/ros2_ws/install/px4_msgs/share/colcon-core/packages/px4_msgs)
[208.231s] DEBUG:colcon.colcon_parallel_executor.executor.parallel:closing loop
[208.231s] DEBUG:colcon.colcon_parallel_executor.executor.parallel:loop closed
[208.232s] DEBUG:colcon.colcon_parallel_executor.executor.parallel:run_until_complete finished with '0'
[208.232s] DEBUG:colcon.colcon_core.event_reactor:joining thread
[208.240s] INFO:colcon.colcon_core.plugin_system:Skipping extension 'colcon_notification.desktop_notification.terminal_notifier': Not used on non-Darwin systems
[208.241s] INFO:colcon.colcon_core.plugin_system:Skipping extension 'colcon_notification.desktop_notification.win32': Not used on non-Windows systems
[208.241s] INFO:colcon.colcon_notification.desktop_notification:Sending desktop notification using 'notify2'
[208.279s] DEBUG:colcon.colcon_core.event_reactor:joined thread
[208.279s] INFO:colcon.colcon_core.shell:Creating prefix script '/home/sandhm1/Drone-Autonomy/ros2_ws/install/local_setup.ps1'
[208.280s] INFO:colcon.colcon_core.shell:Creating prefix util module '/home/sandhm1/Drone-Autonomy/ros2_ws/install/_local_setup_util_ps1.py'
[208.282s] INFO:colcon.colcon_core.shell:Creating prefix chain script '/home/sandhm1/Drone-Autonomy/ros2_ws/install/setup.ps1'
[208.283s] INFO:colcon.colcon_core.shell:Creating prefix script '/home/sandhm1/Drone-Autonomy/ros2_ws/install/local_setup.sh'
[208.284s] INFO:colcon.colcon_core.shell:Creating prefix util module '/home/sandhm1/Drone-Autonomy/ros2_ws/install/_local_setup_util_sh.py'
[208.285s] INFO:colcon.colcon_core.shell:Creating prefix chain script '/home/sandhm1/Drone-Autonomy/ros2_ws/install/setup.sh'
[208.286s] INFO:colcon.colcon_core.shell:Creating prefix script '/home/sandhm1/Drone-Autonomy/ros2_ws/install/local_setup.bash'
[208.286s] INFO:colcon.colcon_core.shell:Creating prefix chain script '/home/sandhm1/Drone-Autonomy/ros2_ws/install/setup.bash'
[208.287s] INFO:colcon.colcon_core.shell:Creating prefix script '/home/sandhm1/Drone-Autonomy/ros2_ws/install/local_setup.zsh'
[208.288s] INFO:colcon.colcon_core.shell:Creating prefix chain script '/home/sandhm1/Drone-Autonomy/ros2_ws/install/setup.zsh'
