[1.625s] Invoking command in '/home/sandhm1/ros2_ws/src/spinning_lidar': CONDA_PROMPT_MODIFIER=(base) DEBUGINFOD_URLS=https://debuginfod.ubuntu.com PYTHONPATH=/home/sandhm1/ros2_ws/build/spinning_lidar/prefix_override:/usr/lib/python3/dist-packages/colcon_core/task/python/colcon_distutils_commands:/home/sandhm1/ros2_ws/install/spinning_lidar/lib/python3.12/site-packages:${PYTHONPATH} /usr/bin/python3 -W ignore:setup.py install is deprecated -W ignore:easy_install command is deprecated setup.py egg_info --egg-base ../../build/spinning_lidar build --build-base /home/sandhm1/ros2_ws/build/spinning_lidar/build install --record /home/sandhm1/ros2_ws/build/spinning_lidar/install.log --single-version-externally-managed install_data
[2.233s] running egg_info
[2.259s] writing ../../build/spinning_lidar/spinning_lidar.egg-info/PKG-INFO
[2.260s] writing dependency_links to ../../build/spinning_lidar/spinning_lidar.egg-info/dependency_links.txt
[2.260s] writing entry points to ../../build/spinning_lidar/spinning_lidar.egg-info/entry_points.txt
[2.260s] writing requirements to ../../build/spinning_lidar/spinning_lidar.egg-info/requires.txt
[2.261s] writing top-level names to ../../build/spinning_lidar/spinning_lidar.egg-info/top_level.txt
[2.380s] reading manifest file '../../build/spinning_lidar/spinning_lidar.egg-info/SOURCES.txt'
[2.383s] writing manifest file '../../build/spinning_lidar/spinning_lidar.egg-info/SOURCES.txt'
[2.383s] running build
[2.384s] running build_py
[2.384s] running install
[2.401s] running install_lib
[2.476s] running install_data
[2.476s] running install_egg_info
[2.535s] removing '/home/sandhm1/ros2_ws/install/spinning_lidar/lib/python3.12/site-packages/spinning_lidar-0.0.0-py3.12.egg-info' (and everything under it)
[2.535s] Copying ../../build/spinning_lidar/spinning_lidar.egg-info to /home/sandhm1/ros2_ws/install/spinning_lidar/lib/python3.12/site-packages/spinning_lidar-0.0.0-py3.12.egg-info
[2.536s] running install_scripts
[2.944s] Installing collect_points script to /home/sandhm1/ros2_ws/install/spinning_lidar/lib/spinning_lidar
[2.945s] writing list of installed files to '/home/sandhm1/ros2_ws/build/spinning_lidar/install.log'
[3.069s] Invoked command in '/home/sandhm1/ros2_ws/src/spinning_lidar' returned '0': CONDA_PROMPT_MODIFIER=(base) DEBUGINFOD_URLS=https://debuginfod.ubuntu.com PYTHONPATH=/home/sandhm1/ros2_ws/build/spinning_lidar/prefix_override:/usr/lib/python3/dist-packages/colcon_core/task/python/colcon_distutils_commands:/home/sandhm1/ros2_ws/install/spinning_lidar/lib/python3.12/site-packages:${PYTHONPATH} /usr/bin/python3 -W ignore:setup.py install is deprecated -W ignore:easy_install command is deprecated setup.py egg_info --egg-base ../../build/spinning_lidar build --build-base /home/sandhm1/ros2_ws/build/spinning_lidar/build install --record /home/sandhm1/ros2_ws/build/spinning_lidar/install.log --single-version-externally-managed install_data
