[0.156s] DEBUG:colcon:Command line arguments: ['/usr/bin/colcon', 'build']
[0.156s] DEBUG:colcon:Parsed command line arguments: Namespace(log_base=None, log_level=None, verb_name='build', build_base='build', install_base='install', merge_install=False, symlink_install=False, test_result_base=None, continue_on_error=False, executor='parallel', parallel_workers=12, event_handlers=None, ignore_user_meta=False, metas=['./colcon.meta'], base_paths=['.'], packages_ignore=None, packages_ignore_regex=None, paths=None, packages_up_to=None, packages_up_to_regex=None, packages_above=None, packages_above_and_dependencies=None, packages_above_depth=None, packages_select_by_dep=None, packages_skip_by_dep=None, packages_skip_up_to=None, packages_select_build_failed=False, packages_skip_build_finished=False, packages_select_test_failures=False, packages_skip_test_passed=False, packages_select=None, packages_skip=None, packages_select_regex=None, packages_skip_regex=None, packages_start=None, packages_end=None, cmake_args=None, cmake_target=None, cmake_target_skip_unavailable=False, cmake_clean_cache=False, cmake_clean_first=False, cmake_force_configure=False, ament_cmake_args=None, catkin_cmake_args=None, catkin_skip_building_tests=False, verb_parser=<colcon_defaults.argument_parser.defaults.DefaultArgumentsDecorator object at 0x7a44d2dd66c0>, verb_extension=<colcon_core.verb.build.BuildVerb object at 0x7a44d2f2eff0>, main=<bound method BuildVerb.main of <colcon_core.verb.build.BuildVerb object at 0x7a44d2f2eff0>>)
[0.217s] Level 1:colcon.colcon_core.package_discovery:discover_packages(colcon_meta) check parameters
[0.218s] Level 1:colcon.colcon_core.package_discovery:discover_packages(recursive) check parameters
[0.218s] Level 1:colcon.colcon_core.package_discovery:discover_packages(ignore) check parameters
[0.218s] Level 1:colcon.colcon_core.package_discovery:discover_packages(path) check parameters
[0.218s] Level 1:colcon.colcon_core.package_discovery:discover_packages(colcon_meta) discover
[0.218s] Level 1:colcon.colcon_core.package_discovery:discover_packages(recursive) discover
[0.218s] INFO:colcon.colcon_core.package_discovery:Crawling recursively for packages in '/home/sandhm1/ros2_ws'
[0.218s] Level 1:colcon.colcon_core.package_identification:_identify(.) by extensions ['ignore', 'ignore_ament_install']
[0.218s] Level 1:colcon.colcon_core.package_identification:_identify(.) by extension 'ignore'
[0.218s] Level 1:colcon.colcon_core.package_identification:_identify(.) by extension 'ignore_ament_install'
[0.218s] Level 1:colcon.colcon_core.package_identification:_identify(.) by extensions ['colcon_pkg']
[0.219s] Level 1:colcon.colcon_core.package_identification:_identify(.) by extension 'colcon_pkg'
[0.219s] Level 1:colcon.colcon_core.package_identification:_identify(.) by extensions ['colcon_meta']
[0.219s] Level 1:colcon.colcon_core.package_identification:_identify(.) by extension 'colcon_meta'
[0.219s] Level 1:colcon.colcon_core.package_identification:_identify(.) by extensions ['ros']
[0.219s] Level 1:colcon.colcon_core.package_identification:_identify(.) by extension 'ros'
[0.258s] Level 1:colcon.colcon_core.package_identification:_identify(.) by extensions ['cmake', 'python']
[0.258s] Level 1:colcon.colcon_core.package_identification:_identify(.) by extension 'cmake'
[0.258s] Level 1:colcon.colcon_core.package_identification:_identify(.) by extension 'python'
[0.258s] Level 1:colcon.colcon_core.package_identification:_identify(.) by extensions ['python_setup_py']
[0.258s] Level 1:colcon.colcon_core.package_identification:_identify(.) by extension 'python_setup_py'
[0.258s] Level 1:colcon.colcon_core.package_identification:_identify(build) by extensions ['ignore', 'ignore_ament_install']
[0.259s] Level 1:colcon.colcon_core.package_identification:_identify(build) by extension 'ignore'
[0.259s] Level 1:colcon.colcon_core.package_identification:_identify(build) ignored
[0.259s] Level 1:colcon.colcon_core.package_identification:_identify(install) by extensions ['ignore', 'ignore_ament_install']
[0.259s] Level 1:colcon.colcon_core.package_identification:_identify(install) by extension 'ignore'
[0.259s] Level 1:colcon.colcon_core.package_identification:_identify(install) ignored
[0.259s] Level 1:colcon.colcon_core.package_identification:_identify(log) by extensions ['ignore', 'ignore_ament_install']
[0.259s] Level 1:colcon.colcon_core.package_identification:_identify(log) by extension 'ignore'
[0.259s] Level 1:colcon.colcon_core.package_identification:_identify(log) ignored
[0.259s] Level 1:colcon.colcon_core.package_identification:_identify(src) by extensions ['ignore', 'ignore_ament_install']
[0.259s] Level 1:colcon.colcon_core.package_identification:_identify(src) by extension 'ignore'
[0.260s] Level 1:colcon.colcon_core.package_identification:_identify(src) by extension 'ignore_ament_install'
[0.260s] Level 1:colcon.colcon_core.package_identification:_identify(src) by extensions ['colcon_pkg']
[0.260s] Level 1:colcon.colcon_core.package_identification:_identify(src) by extension 'colcon_pkg'
[0.260s] Level 1:colcon.colcon_core.package_identification:_identify(src) by extensions ['colcon_meta']
[0.260s] Level 1:colcon.colcon_core.package_identification:_identify(src) by extension 'colcon_meta'
[0.260s] Level 1:colcon.colcon_core.package_identification:_identify(src) by extensions ['ros']
[0.260s] Level 1:colcon.colcon_core.package_identification:_identify(src) by extension 'ros'
[0.260s] Level 1:colcon.colcon_core.package_identification:_identify(src) by extensions ['cmake', 'python']
[0.260s] Level 1:colcon.colcon_core.package_identification:_identify(src) by extension 'cmake'
[0.260s] Level 1:colcon.colcon_core.package_identification:_identify(src) by extension 'python'
[0.260s] Level 1:colcon.colcon_core.package_identification:_identify(src) by extensions ['python_setup_py']
[0.260s] Level 1:colcon.colcon_core.package_identification:_identify(src) by extension 'python_setup_py'
[0.260s] Level 1:colcon.colcon_core.package_identification:_identify(src/spinning_lidar) by extensions ['ignore', 'ignore_ament_install']
[0.260s] Level 1:colcon.colcon_core.package_identification:_identify(src/spinning_lidar) by extension 'ignore'
[0.260s] Level 1:colcon.colcon_core.package_identification:_identify(src/spinning_lidar) by extension 'ignore_ament_install'
[0.260s] Level 1:colcon.colcon_core.package_identification:_identify(src/spinning_lidar) by extensions ['colcon_pkg']
[0.260s] Level 1:colcon.colcon_core.package_identification:_identify(src/spinning_lidar) by extension 'colcon_pkg'
[0.260s] Level 1:colcon.colcon_core.package_identification:_identify(src/spinning_lidar) by extensions ['colcon_meta']
[0.260s] Level 1:colcon.colcon_core.package_identification:_identify(src/spinning_lidar) by extension 'colcon_meta'
[0.261s] Level 1:colcon.colcon_core.package_identification:_identify(src/spinning_lidar) by extensions ['ros']
[0.261s] Level 1:colcon.colcon_core.package_identification:_identify(src/spinning_lidar) by extension 'ros'
[0.264s] DEBUG:colcon.colcon_core.package_identification:Package 'src/spinning_lidar' with type 'ros.ament_python' and name 'spinning_lidar'
[0.264s] Level 1:colcon.colcon_core.package_discovery:discover_packages(recursive) using defaults
[0.265s] Level 1:colcon.colcon_core.package_discovery:discover_packages(ignore) discover
[0.265s] Level 1:colcon.colcon_core.package_discovery:discover_packages(ignore) using defaults
[0.265s] Level 1:colcon.colcon_core.package_discovery:discover_packages(path) discover
[0.265s] Level 1:colcon.colcon_core.package_discovery:discover_packages(path) using defaults
[0.296s] Level 5:colcon.colcon_core.verb:set package 'spinning_lidar' build argument 'cmake_args' from command line to 'None'
[0.296s] Level 5:colcon.colcon_core.verb:set package 'spinning_lidar' build argument 'cmake_target' from command line to 'None'
[0.296s] Level 5:colcon.colcon_core.verb:set package 'spinning_lidar' build argument 'cmake_target_skip_unavailable' from command line to 'False'
[0.296s] Level 5:colcon.colcon_core.verb:set package 'spinning_lidar' build argument 'cmake_clean_cache' from command line to 'False'
[0.296s] Level 5:colcon.colcon_core.verb:set package 'spinning_lidar' build argument 'cmake_clean_first' from command line to 'False'
[0.296s] Level 5:colcon.colcon_core.verb:set package 'spinning_lidar' build argument 'cmake_force_configure' from command line to 'False'
[0.296s] Level 5:colcon.colcon_core.verb:set package 'spinning_lidar' build argument 'ament_cmake_args' from command line to 'None'
[0.296s] Level 5:colcon.colcon_core.verb:set package 'spinning_lidar' build argument 'catkin_cmake_args' from command line to 'None'
[0.296s] Level 5:colcon.colcon_core.verb:set package 'spinning_lidar' build argument 'catkin_skip_building_tests' from command line to 'False'
[0.296s] DEBUG:colcon.colcon_core.verb:Building package 'spinning_lidar' with the following arguments: {'ament_cmake_args': None, 'build_base': '/home/sandhm1/ros2_ws/build/spinning_lidar', 'catkin_cmake_args': None, 'catkin_skip_building_tests': False, 'cmake_args': None, 'cmake_clean_cache': False, 'cmake_clean_first': False, 'cmake_force_configure': False, 'cmake_target': None, 'cmake_target_skip_unavailable': False, 'install_base': '/home/sandhm1/ros2_ws/install/spinning_lidar', 'merge_install': False, 'path': '/home/sandhm1/ros2_ws/src/spinning_lidar', 'symlink_install': False, 'test_result_base': None}
[0.296s] INFO:colcon.colcon_core.executor:Executing jobs using 'parallel' executor
[0.297s] DEBUG:colcon.colcon_parallel_executor.executor.parallel:run_until_complete
[0.298s] INFO:colcon.colcon_ros.task.ament_python.build:Building ROS package in '/home/sandhm1/ros2_ws/src/spinning_lidar' with build type 'ament_python'
[0.298s] Level 1:colcon.colcon_core.shell:create_environment_hook('spinning_lidar', 'ament_prefix_path')
[0.302s] INFO:colcon.colcon_core.plugin_system:Skipping extension 'colcon_core.shell.bat': Not used on non-Windows systems
[0.303s] INFO:colcon.colcon_core.shell:Creating environment descriptor '/home/sandhm1/ros2_ws/install/spinning_lidar/share/spinning_lidar/hook/ament_prefix_path.dsv'
[0.304s] INFO:colcon.colcon_core.shell:Creating environment hook '/home/sandhm1/ros2_ws/install/spinning_lidar/share/spinning_lidar/hook/ament_prefix_path.sh'
[0.305s] DEBUG:colcon.colcon_core.shell:Skip shell extension 'dsv' for command environment
[0.661s] INFO:colcon.colcon_core.task.python.build:Building Python package in '/home/sandhm1/ros2_ws/src/spinning_lidar'
[0.661s] DEBUG:colcon.colcon_core.shell:Skip shell extension 'dsv' for command environment
[1.924s] DEBUG:colcon.colcon_core.event_handler.log_command:Invoking command in '/home/sandhm1/ros2_ws/src/spinning_lidar': CONDA_PROMPT_MODIFIER=(base) DEBUGINFOD_URLS=https://debuginfod.ubuntu.com PYTHONPATH=/home/sandhm1/ros2_ws/build/spinning_lidar/prefix_override:/usr/lib/python3/dist-packages/colcon_core/task/python/colcon_distutils_commands:/home/sandhm1/ros2_ws/install/spinning_lidar/lib/python3.12/site-packages:${PYTHONPATH} /usr/bin/python3 -W ignore:setup.py install is deprecated -W ignore:easy_install command is deprecated setup.py egg_info --egg-base ../../build/spinning_lidar build --build-base /home/sandhm1/ros2_ws/build/spinning_lidar/build install --record /home/sandhm1/ros2_ws/build/spinning_lidar/install.log --single-version-externally-managed install_data
[3.368s] DEBUG:colcon.colcon_core.event_handler.log_command:Invoked command in '/home/sandhm1/ros2_ws/src/spinning_lidar' returned '0': CONDA_PROMPT_MODIFIER=(base) DEBUGINFOD_URLS=https://debuginfod.ubuntu.com PYTHONPATH=/home/sandhm1/ros2_ws/build/spinning_lidar/prefix_override:/usr/lib/python3/dist-packages/colcon_core/task/python/colcon_distutils_commands:/home/sandhm1/ros2_ws/install/spinning_lidar/lib/python3.12/site-packages:${PYTHONPATH} /usr/bin/python3 -W ignore:setup.py install is deprecated -W ignore:easy_install command is deprecated setup.py egg_info --egg-base ../../build/spinning_lidar build --build-base /home/sandhm1/ros2_ws/build/spinning_lidar/build install --record /home/sandhm1/ros2_ws/build/spinning_lidar/install.log --single-version-externally-managed install_data
[3.378s] Level 1:colcon.colcon_core.environment:checking '/home/sandhm1/ros2_ws/install/spinning_lidar' for CMake module files
[3.380s] Level 1:colcon.colcon_core.environment:checking '/home/sandhm1/ros2_ws/install/spinning_lidar' for CMake config files
[3.383s] Level 1:colcon.colcon_core.environment:checking '/home/sandhm1/ros2_ws/install/spinning_lidar/lib'
[3.384s] Level 1:colcon.colcon_core.environment:checking '/home/sandhm1/ros2_ws/install/spinning_lidar/bin'
[3.384s] Level 1:colcon.colcon_core.environment:checking '/home/sandhm1/ros2_ws/install/spinning_lidar/lib/pkgconfig/spinning_lidar.pc'
[3.385s] Level 1:colcon.colcon_core.environment:checking '/home/sandhm1/ros2_ws/install/spinning_lidar/lib/python3.12/site-packages'
[3.386s] Level 1:colcon.colcon_core.shell:create_environment_hook('spinning_lidar', 'pythonpath')
[3.387s] INFO:colcon.colcon_core.shell:Creating environment descriptor '/home/sandhm1/ros2_ws/install/spinning_lidar/share/spinning_lidar/hook/pythonpath.dsv'
[3.388s] INFO:colcon.colcon_core.shell:Creating environment hook '/home/sandhm1/ros2_ws/install/spinning_lidar/share/spinning_lidar/hook/pythonpath.sh'
[3.391s] Level 1:colcon.colcon_core.environment:checking '/home/sandhm1/ros2_ws/install/spinning_lidar/bin'
[3.392s] Level 1:colcon.colcon_core.environment:create_environment_scripts_only(spinning_lidar)
[3.393s] INFO:colcon.colcon_core.shell:Creating package descriptor '/home/sandhm1/ros2_ws/install/spinning_lidar/share/spinning_lidar/package.dsv'
[3.395s] INFO:colcon.colcon_core.shell:Creating package script '/home/sandhm1/ros2_ws/install/spinning_lidar/share/spinning_lidar/package.sh'
[3.399s] INFO:colcon.colcon_core.shell:Creating package script '/home/sandhm1/ros2_ws/install/spinning_lidar/share/spinning_lidar/package.bash'
[3.402s] INFO:colcon.colcon_core.shell:Creating package script '/home/sandhm1/ros2_ws/install/spinning_lidar/share/spinning_lidar/package.zsh'
[3.404s] Level 1:colcon.colcon_core.environment:create_file_with_runtime_dependencies(/home/sandhm1/ros2_ws/install/spinning_lidar/share/colcon-core/packages/spinning_lidar)
[3.405s] DEBUG:colcon.colcon_parallel_executor.executor.parallel:closing loop
[3.406s] DEBUG:colcon.colcon_parallel_executor.executor.parallel:loop closed
[3.406s] DEBUG:colcon.colcon_parallel_executor.executor.parallel:run_until_complete finished with '0'
[3.407s] DEBUG:colcon.colcon_core.event_reactor:joining thread
[3.429s] INFO:colcon.colcon_core.plugin_system:Skipping extension 'colcon_notification.desktop_notification.terminal_notifier': Not used on non-Darwin systems
[3.429s] INFO:colcon.colcon_core.plugin_system:Skipping extension 'colcon_notification.desktop_notification.win32': Not used on non-Windows systems
[3.429s] INFO:colcon.colcon_notification.desktop_notification:Sending desktop notification using 'notify2'
[3.506s] DEBUG:colcon.colcon_core.event_reactor:joined thread
[3.507s] INFO:colcon.colcon_core.shell:Creating prefix script '/home/sandhm1/ros2_ws/install/local_setup.sh'
[3.510s] INFO:colcon.colcon_core.shell:Creating prefix util module '/home/sandhm1/ros2_ws/install/_local_setup_util_sh.py'
[3.515s] INFO:colcon.colcon_core.shell:Creating prefix chain script '/home/sandhm1/ros2_ws/install/setup.sh'
[3.519s] INFO:colcon.colcon_core.shell:Creating prefix script '/home/sandhm1/ros2_ws/install/local_setup.bash'
[3.521s] INFO:colcon.colcon_core.shell:Creating prefix chain script '/home/sandhm1/ros2_ws/install/setup.bash'
[3.524s] INFO:colcon.colcon_core.shell:Creating prefix script '/home/sandhm1/ros2_ws/install/local_setup.zsh'
[3.526s] INFO:colcon.colcon_core.shell:Creating prefix chain script '/home/sandhm1/ros2_ws/install/setup.zsh'
