[0.863s] Invoking command in '/home/sandhm1/ros2_ws/src/spinning_lidar': CONDA_PROMPT_MODIFIER=(base) DEBUGINFOD_URLS=https://debuginfod.ubuntu.com PYTHONPATH=/home/sandhm1/ros2_ws/build/spinning_lidar/prefix_override:/usr/lib/python3/dist-packages/colcon_core/task/python/colcon_distutils_commands:/home/sandhm1/ros2_ws/install/spinning_lidar/lib/python3.12/site-packages: /usr/bin/python3 -W ignore:setup.py install is deprecated -W ignore:easy_install command is deprecated setup.py egg_info --egg-base ../../build/spinning_lidar build --build-base /home/sandhm1/ros2_ws/build/spinning_lidar/build install --record /home/sandhm1/ros2_ws/build/spinning_lidar/install.log --single-version-externally-managed install_data
[1.079s] running egg_info
[1.080s] creating ../../build/spinning_lidar/spinning_lidar.egg-info
[1.090s] writing ../../build/spinning_lidar/spinning_lidar.egg-info/PKG-INFO
[1.090s] writing dependency_links to ../../build/spinning_lidar/spinning_lidar.egg-info/dependency_links.txt
[1.090s] writing entry points to ../../build/spinning_lidar/spinning_lidar.egg-info/entry_points.txt
[1.090s] writing requirements to ../../build/spinning_lidar/spinning_lidar.egg-info/requires.txt
[1.090s] writing top-level names to ../../build/spinning_lidar/spinning_lidar.egg-info/top_level.txt
[1.090s] writing manifest file '../../build/spinning_lidar/spinning_lidar.egg-info/SOURCES.txt'
[1.111s] reading manifest file '../../build/spinning_lidar/spinning_lidar.egg-info/SOURCES.txt'
[1.111s] writing manifest file '../../build/spinning_lidar/spinning_lidar.egg-info/SOURCES.txt'
[1.111s] running build
[1.112s] running build_py
[1.112s] creating /home/sandhm1/ros2_ws/build/spinning_lidar/build
[1.112s] creating /home/sandhm1/ros2_ws/build/spinning_lidar/build/lib
[1.112s] creating /home/sandhm1/ros2_ws/build/spinning_lidar/build/lib/spinning_lidar
[1.112s] copying spinning_lidar/collect_points.py -> /home/sandhm1/ros2_ws/build/spinning_lidar/build/lib/spinning_lidar
[1.112s] copying spinning_lidar/__init__.py -> /home/sandhm1/ros2_ws/build/spinning_lidar/build/lib/spinning_lidar
[1.112s] running install
[1.120s] running install_lib
[1.130s] creating /home/sandhm1/ros2_ws/install/spinning_lidar/lib/python3.12/site-packages/spinning_lidar
[1.130s] copying /home/sandhm1/ros2_ws/build/spinning_lidar/build/lib/spinning_lidar/collect_points.py -> /home/sandhm1/ros2_ws/install/spinning_lidar/lib/python3.12/site-packages/spinning_lidar
[1.130s] copying /home/sandhm1/ros2_ws/build/spinning_lidar/build/lib/spinning_lidar/__init__.py -> /home/sandhm1/ros2_ws/install/spinning_lidar/lib/python3.12/site-packages/spinning_lidar
[1.131s] byte-compiling /home/sandhm1/ros2_ws/install/spinning_lidar/lib/python3.12/site-packages/spinning_lidar/collect_points.py to collect_points.cpython-312.pyc
[1.131s] byte-compiling /home/sandhm1/ros2_ws/install/spinning_lidar/lib/python3.12/site-packages/spinning_lidar/__init__.py to __init__.cpython-312.pyc
[1.131s] running install_data
[1.132s] creating /home/sandhm1/ros2_ws/install/spinning_lidar/share/ament_index
[1.132s] creating /home/sandhm1/ros2_ws/install/spinning_lidar/share/ament_index/resource_index
[1.132s] creating /home/sandhm1/ros2_ws/install/spinning_lidar/share/ament_index/resource_index/packages
[1.132s] copying resource/spinning_lidar -> /home/sandhm1/ros2_ws/install/spinning_lidar/share/ament_index/resource_index/packages
[1.132s] copying package.xml -> /home/sandhm1/ros2_ws/install/spinning_lidar/share/spinning_lidar
[1.132s] running install_egg_info
[1.143s] Copying ../../build/spinning_lidar/spinning_lidar.egg-info to /home/sandhm1/ros2_ws/install/spinning_lidar/lib/python3.12/site-packages/spinning_lidar-0.0.0-py3.12.egg-info
[1.144s] running install_scripts
[1.236s] Installing collect_points script to /home/sandhm1/ros2_ws/install/spinning_lidar/lib/spinning_lidar
[1.236s] writing list of installed files to '/home/sandhm1/ros2_ws/build/spinning_lidar/install.log'
[1.275s] Invoked command in '/home/sandhm1/ros2_ws/src/spinning_lidar' returned '0': CONDA_PROMPT_MODIFIER=(base) DEBUGINFOD_URLS=https://debuginfod.ubuntu.com PYTHONPATH=/home/sandhm1/ros2_ws/build/spinning_lidar/prefix_override:/usr/lib/python3/dist-packages/colcon_core/task/python/colcon_distutils_commands:/home/sandhm1/ros2_ws/install/spinning_lidar/lib/python3.12/site-packages: /usr/bin/python3 -W ignore:setup.py install is deprecated -W ignore:easy_install command is deprecated setup.py egg_info --egg-base ../../build/spinning_lidar build --build-base /home/sandhm1/ros2_ws/build/spinning_lidar/build install --record /home/sandhm1/ros2_ws/build/spinning_lidar/install.log --single-version-externally-managed install_data
