[3.806s] Invoking command in '/home/sandhm1/ros2_ws/src/spinning_lidar': CONDA_PROMPT_MODIFIER=(base) DEBUGINFOD_URLS=https://debuginfod.ubuntu.com PYTHONPATH=/home/sandhm1/ros2_ws/build/spinning_lidar/prefix_override:/usr/lib/python3/dist-packages/colcon_core/task/python/colcon_distutils_commands:/home/sandhm1/ros2_ws/install/spinning_lidar/lib/python3.12/site-packages:${PYTHONPATH} /usr/bin/python3 -W ignore:setup.py install is deprecated -W ignore:easy_install command is deprecated setup.py egg_info --egg-base ../../build/spinning_lidar build --build-base /home/sandhm1/ros2_ws/build/spinning_lidar/build install --record /home/sandhm1/ros2_ws/build/spinning_lidar/install.log --single-version-externally-managed install_data
[5.022s] running egg_info
[5.116s] writing ../../build/spinning_lidar/spinning_lidar.egg-info/PKG-INFO
[5.117s] writing dependency_links to ../../build/spinning_lidar/spinning_lidar.egg-info/dependency_links.txt
[5.118s] writing entry points to ../../build/spinning_lidar/spinning_lidar.egg-info/entry_points.txt
[5.120s] writing requirements to ../../build/spinning_lidar/spinning_lidar.egg-info/requires.txt
[5.120s] writing top-level names to ../../build/spinning_lidar/spinning_lidar.egg-info/top_level.txt
[5.282s] reading manifest file '../../build/spinning_lidar/spinning_lidar.egg-info/SOURCES.txt'
[5.286s] writing manifest file '../../build/spinning_lidar/spinning_lidar.egg-info/SOURCES.txt'
[5.287s] running build
[5.287s] running build_py
[5.288s] copying spinning_lidar/collect_points.py -> /home/sandhm1/ros2_ws/build/spinning_lidar/build/lib/spinning_lidar
[5.288s] running install
[5.314s] running install_lib
[5.389s] copying /home/sandhm1/ros2_ws/build/spinning_lidar/build/lib/spinning_lidar/collect_points.py -> /home/sandhm1/ros2_ws/install/spinning_lidar/lib/python3.12/site-packages/spinning_lidar
[5.392s] byte-compiling /home/sandhm1/ros2_ws/install/spinning_lidar/lib/python3.12/site-packages/spinning_lidar/collect_points.py to collect_points.cpython-312.pyc
[5.397s] running install_data
[5.398s] running install_egg_info
[5.484s] removing '/home/sandhm1/ros2_ws/install/spinning_lidar/lib/python3.12/site-packages/spinning_lidar-0.0.0-py3.12.egg-info' (and everything under it)
[5.485s] Copying ../../build/spinning_lidar/spinning_lidar.egg-info to /home/sandhm1/ros2_ws/install/spinning_lidar/lib/python3.12/site-packages/spinning_lidar-0.0.0-py3.12.egg-info
[5.489s] running install_scripts
[6.112s] Installing collect_points script to /home/sandhm1/ros2_ws/install/spinning_lidar/lib/spinning_lidar
[6.114s] writing list of installed files to '/home/sandhm1/ros2_ws/build/spinning_lidar/install.log'
[6.286s] Invoked command in '/home/sandhm1/ros2_ws/src/spinning_lidar' returned '0': CONDA_PROMPT_MODIFIER=(base) DEBUGINFOD_URLS=https://debuginfod.ubuntu.com PYTHONPATH=/home/sandhm1/ros2_ws/build/spinning_lidar/prefix_override:/usr/lib/python3/dist-packages/colcon_core/task/python/colcon_distutils_commands:/home/sandhm1/ros2_ws/install/spinning_lidar/lib/python3.12/site-packages:${PYTHONPATH} /usr/bin/python3 -W ignore:setup.py install is deprecated -W ignore:easy_install command is deprecated setup.py egg_info --egg-base ../../build/spinning_lidar build --build-base /home/sandhm1/ros2_ws/build/spinning_lidar/build install --record /home/sandhm1/ros2_ws/build/spinning_lidar/install.log --single-version-externally-managed install_data
