[0.950s] Invoking command in '/home/sandhm1/ros2_ws/src/spinning_lidar': CONDA_PROMPT_MODIFIER=(base) DEBUGINFOD_URLS=https://debuginfod.ubuntu.com PYTHONPATH=/home/sandhm1/ros2_ws/build/spinning_lidar/prefix_override:/usr/lib/python3/dist-packages/colcon_core/task/python/colcon_distutils_commands:/home/sandhm1/ros2_ws/install/spinning_lidar/lib/python3.12/site-packages:${PYTHONPATH} /usr/bin/python3 -W ignore:setup.py install is deprecated -W ignore:easy_install command is deprecated setup.py egg_info --egg-base ../../build/spinning_lidar build --build-base /home/sandhm1/ros2_ws/build/spinning_lidar/build install --record /home/sandhm1/ros2_ws/build/spinning_lidar/install.log --single-version-externally-managed install_data
[1.210s] running egg_info
[1.226s] writing ../../build/spinning_lidar/spinning_lidar.egg-info/PKG-INFO
[1.226s] writing dependency_links to ../../build/spinning_lidar/spinning_lidar.egg-info/dependency_links.txt
[1.227s] writing entry points to ../../build/spinning_lidar/spinning_lidar.egg-info/entry_points.txt
[1.227s] writing requirements to ../../build/spinning_lidar/spinning_lidar.egg-info/requires.txt
[1.227s] writing top-level names to ../../build/spinning_lidar/spinning_lidar.egg-info/top_level.txt
[1.274s] reading manifest file '../../build/spinning_lidar/spinning_lidar.egg-info/SOURCES.txt'
[1.274s] writing manifest file '../../build/spinning_lidar/spinning_lidar.egg-info/SOURCES.txt'
[1.274s] running build
[1.274s] running build_py
[1.275s] copying spinning_lidar/collect_points.py -> /home/sandhm1/ros2_ws/build/spinning_lidar/build/lib/spinning_lidar
[1.275s] running install
[1.282s] running install_lib
[1.302s] copying /home/sandhm1/ros2_ws/build/spinning_lidar/build/lib/spinning_lidar/collect_points.py -> /home/sandhm1/ros2_ws/install/spinning_lidar/lib/python3.12/site-packages/spinning_lidar
[1.303s] byte-compiling /home/sandhm1/ros2_ws/install/spinning_lidar/lib/python3.12/site-packages/spinning_lidar/collect_points.py to collect_points.cpython-312.pyc
[1.306s] running install_data
[1.306s] running install_egg_info
[1.330s] removing '/home/sandhm1/ros2_ws/install/spinning_lidar/lib/python3.12/site-packages/spinning_lidar-0.0.0-py3.12.egg-info' (and everything under it)
[1.331s] Copying ../../build/spinning_lidar/spinning_lidar.egg-info to /home/sandhm1/ros2_ws/install/spinning_lidar/lib/python3.12/site-packages/spinning_lidar-0.0.0-py3.12.egg-info
[1.331s] running install_scripts
[1.445s] Installing collect_points script to /home/sandhm1/ros2_ws/install/spinning_lidar/lib/spinning_lidar
[1.445s] writing list of installed files to '/home/sandhm1/ros2_ws/build/spinning_lidar/install.log'
[1.498s] Invoked command in '/home/sandhm1/ros2_ws/src/spinning_lidar' returned '0': CONDA_PROMPT_MODIFIER=(base) DEBUGINFOD_URLS=https://debuginfod.ubuntu.com PYTHONPATH=/home/sandhm1/ros2_ws/build/spinning_lidar/prefix_override:/usr/lib/python3/dist-packages/colcon_core/task/python/colcon_distutils_commands:/home/sandhm1/ros2_ws/install/spinning_lidar/lib/python3.12/site-packages:${PYTHONPATH} /usr/bin/python3 -W ignore:setup.py install is deprecated -W ignore:easy_install command is deprecated setup.py egg_info --egg-base ../../build/spinning_lidar build --build-base /home/sandhm1/ros2_ws/build/spinning_lidar/build install --record /home/sandhm1/ros2_ws/build/spinning_lidar/install.log --single-version-externally-managed install_data
